<?xml version="1.0" encoding="UTF-8"?>
<!-- Generated by org.testng.reporters.JUnitReportReporter -->
<testsuite skipped="0" hostname="Aditya-PC" name="actual.NewTest4" tests="1" failures="0" timestamp="04 Jan 2020 14:26:23 GMT" time="37.897" errors="0">
  <testcase name="test4" time="37.897" classname="actual.NewTest4"/>
</testsuite> <!-- actual.NewTest4 -->
