<?xml version="1.0" encoding="UTF-8"?>
<!-- Generated by org.testng.reporters.JUnitReportReporter -->
<testsuite skipped="0" hostname="Aditya-PC" name="actual.NewTest2" tests="1" failures="0" timestamp="23 Jul 2019 11:10:17 GMT" time="21.138" errors="0">
  <testcase name="test2" time="21.138" classname="actual.NewTest2"/>
</testsuite> <!-- actual.NewTest2 -->
