<?xml version="1.0" encoding="UTF-8"?>
<!-- Generated by org.testng.reporters.JUnitReportReporter -->
<testsuite skipped="0" hostname="Aditya-PC" name="actual.NewTest" tests="1" failures="0" timestamp="23 Jul 2019 11:10:17 GMT" time="23.736" errors="0">
  <testcase name="tes" time="23.736" classname="actual.NewTest"/>
</testsuite> <!-- actual.NewTest -->
