<?xml version="1.0" encoding="UTF-8"?>
<!-- Generated by org.testng.reporters.JUnitReportReporter -->
<testsuite skipped="0" hostname="Aditya-PC" name="actual.NewTest3" tests="1" failures="0" timestamp="04 Jan 2020 14:26:23 GMT" time="31.194" errors="0">
  <testcase name="test3" time="31.194" classname="actual.NewTest3"/>
</testsuite> <!-- actual.NewTest3 -->
