<?xml version="1.0" encoding="UTF-8"?>
<!-- Generated by org.testng.reporters.JUnitReportReporter -->
<testsuite skipped="0" hostname="Aditya-PC" name="actual.NewTest3" tests="1" failures="0" timestamp="23 Jul 2019 11:10:17 GMT" time="16.480" errors="0">
  <testcase name="test3" time="16.480" classname="actual.NewTest3"/>
</testsuite> <!-- actual.NewTest3 -->
