<?xml version="1.0" encoding="UTF-8"?>
<!-- Generated by org.testng.reporters.JUnitReportReporter -->
<testsuite skipped="0" hostname="Aditya-PC" name="actual.NewTest" tests="1" failures="0" timestamp="02 Feb 2020 06:20:27 GMT" time="14.575" errors="0">
  <testcase name="tes" time="14.575" classname="actual.NewTest"/>
</testsuite> <!-- actual.NewTest -->
