<?xml version="1.0" encoding="UTF-8"?>
<!-- Generated by org.testng.reporters.JUnitReportReporter -->
<testsuite skipped="0" hostname="Aditya-PC" name="actual.NewTest4" tests="1" failures="0" timestamp="23 Jul 2019 11:10:17 GMT" time="20.350" errors="0">
  <testcase name="test4" time="20.350" classname="actual.NewTest4"/>
</testsuite> <!-- actual.NewTest4 -->
