<?xml version="1.0" encoding="UTF-8"?>
<!-- Generated by org.testng.reporters.JUnitReportReporter -->
<testsuite skipped="0" hostname="Aditya-PC" name="git_pract.git_pr" tests="1" failures="0" timestamp="04 Aug 2019 06:06:51 GMT" time="0.000" errors="0">
  <testcase name="gi" time="0.000" classname="git_pract.git_pr"/>
</testsuite> <!-- git_pract.git_pr -->
